#
# There is insufficient memory for the Java Runtime Environment to continue.
# Native memory allocation (malloc) failed to allocate 480104 bytes for AllocateHeap
# Possible reasons:
#   The system is out of physical RAM or swap space
#   In 32 bit mode, the process size limit was hit
# Possible solutions:
#   Reduce memory load on the system
#   Increase physical memory or swap space
#   Check if swap backing store is full
#   Use 64 bit Java on a 64 bit OS
#   Decrease Java heap size (-Xmx/-Xms)
#   Decrease number of Java threads
#   Decrease Java thread stack sizes (-Xss)
#   Set larger code cache with -XX:ReservedCodeCacheSize=
# This output file may be truncated or incomplete.
#
#  Out of Memory Error (memory/allocation.inline.hpp:61), pid=6184, tid=0x0000000000001d6c
#
# JRE version:  (8.0_131-b11) (build )
# Java VM: Java HotSpot(TM) 64-Bit Server VM (25.131-b11 mixed mode windows-amd64 compressed oops)
# Failed to write core dump. Minidumps are not enabled by default on client versions of Windows
#

---------------  T H R E A D  ---------------

Current thread (0x0000000002bc0800):  JavaThread "Unknown thread" [_thread_in_vm, id=7532, stack(0x0000000002ac0000,0x0000000002bc0000)]

Stack: [0x0000000002ac0000,0x0000000002bc0000]
[error occurred during error reporting (printing stack bounds), id 0xc0000005]

Native frames: (J=compiled Java code, j=interpreted, Vv=VM code, C=native code)


---------------  P R O C E S S  ---------------

Java Threads: ( => current thread )

Other Threads:

=>0x0000000002bc0800 (exited) JavaThread "Unknown thread" [_thread_in_vm, id=7532, stack(0x0000000002ac0000,0x0000000002bc0000)]

VM state:not at safepoint (not fully initialized)

VM Mutex/Monitor currently owned by a thread: None

GC Heap History (0 events):
No events

Deoptimization events (0 events):
No events

Internal exceptions (0 events):
No events

Events (0 events):
No events


Dynamic libraries:
0x00007ff6895a0000 - 0x00007ff6895d7000 	C:\Program Files\Java\jdk1.8.0_131\bin\javaw.exe
0x00007fff51030000 - 0x00007fff51201000 	C:\WINDOWS\SYSTEM32\ntdll.dll
0x00007fff508d0000 - 0x00007fff5097b000 	C:\WINDOWS\System32\KERNEL32.DLL
0x00007fff4db50000 - 0x00007fff4dd6d000 	C:\WINDOWS\System32\KERNELBASE.dll
0x00007fff4e950000 - 0x00007fff4e9f2000 	C:\WINDOWS\System32\ADVAPI32.dll
0x00007fff4f1c0000 - 0x00007fff4f25e000 	C:\WINDOWS\System32\msvcrt.dll
0x00007fff50bb0000 - 0x00007fff50c09000 	C:\WINDOWS\System32\sechost.dll
0x00007fff4ef70000 - 0x00007fff4f091000 	C:\WINDOWS\System32\RPCRT4.dll
0x00007fff4e620000 - 0x00007fff4e785000 	C:\WINDOWS\System32\USER32.dll
0x00007fff4d850000 - 0x00007fff4d86e000 	C:\WINDOWS\System32\win32u.dll
0x00007fff4ef30000 - 0x00007fff4ef64000 	C:\WINDOWS\System32\GDI32.dll
0x00007fff4d5c0000 - 0x00007fff4d742000 	C:\WINDOWS\System32\gdi32full.dll
0x00007fff40f30000 - 0x00007fff411a9000 	C:\WINDOWS\WinSxS\amd64_microsoft.windows.common-controls_6595b64144ccf1df_6.0.14393.0_none_2d0f50fcbdb171b8\COMCTL32.dll
0x00007fff50d60000 - 0x00007fff51027000 	C:\WINDOWS\System32\combase.dll
0x00007fff4d750000 - 0x00007fff4d845000 	C:\WINDOWS\System32\ucrtbase.dll
0x00007fff4dd70000 - 0x00007fff4ddda000 	C:\WINDOWS\System32\bcryptPrimitives.dll
0x00007fff50b20000 - 0x00007fff50b4e000 	C:\WINDOWS\System32\IMM32.DLL
0x0000000061bb0000 - 0x0000000061c82000 	C:\Program Files\Java\jdk1.8.0_131\jre\bin\msvcr100.dll
0x0000000061e50000 - 0x00000000626ec000 	C:\Program Files\Java\jdk1.8.0_131\jre\bin\server\jvm.dll
0x00007fff4f110000 - 0x00007fff4f118000 	C:\WINDOWS\System32\PSAPI.DLL
0x00007fff4bb50000 - 0x00007fff4bb59000 	C:\WINDOWS\SYSTEM32\WSOCK32.dll
0x00007fff4ee30000 - 0x00007fff4ee9a000 	C:\WINDOWS\System32\WS2_32.dll
0x00007fff4ba70000 - 0x00007fff4ba93000 	C:\WINDOWS\SYSTEM32\WINMM.dll
0x00007fff3e1a0000 - 0x00007fff3e1aa000 	C:\WINDOWS\SYSTEM32\VERSION.dll
0x00007fff4ba10000 - 0x00007fff4ba3b000 	C:\WINDOWS\SYSTEM32\WINMMBASE.dll
0x00007fff4e570000 - 0x00007fff4e5b2000 	C:\WINDOWS\System32\cfgmgr32.dll
0x0000000061d60000 - 0x0000000061d6f000 	C:\Program Files\Java\jdk1.8.0_131\jre\bin\verify.dll
0x0000000061d30000 - 0x0000000061d59000 	C:\Program Files\Java\jdk1.8.0_131\jre\bin\java.dll
0x0000000061d10000 - 0x0000000061d26000 	C:\Program Files\Java\jdk1.8.0_131\jre\bin\zip.dll

VM Arguments:
jvm_args: -Dfile.encoding=Cp1252 
java_command: virtualpet.VirtualPetApp
java_class_path (initial): C:\Users\WeCanCodeIT\wcci\default-workspace\Virtual-Pet\bin
Launcher Type: SUN_STANDARD

Environment Variables:
PATH=C:/Program Files/Java/jdk1.8.0_131/bin/../jre/bin/server;C:/Program Files/Java/jdk1.8.0_131/bin/../jre/bin;C:/Program Files/Java/jdk1.8.0_131/bin/../jre/lib/amd64;C:\Program Files (x86)\Intel\iCLS Client\;C:\Program Files\Intel\iCLS Client\;C:\ProgramData\Oracle\Java\javapath;C:\WINDOWS\system32;C:\WINDOWS;C:\WINDOWS\System32\Wbem;C:\Program Files\Sublime Text 3;C:\gradle\3.5\bin;C:\lazybones\0.8.3\bin;C:\Program Files (x86)\Intel\Intel(R) Management Engine Components\DAL;C:\Program Files\Intel\Intel(R) Management Engine Components\DAL;C:\Program Files (x86)\Intel\Intel(R) Management Engine Components\IPT;C:\Program Files\Intel\Intel(R) Management Engine Components\IPT;C:\Users\WeCanCodeIT\AppData\Local\Microsoft\WindowsApps;;C:\eclipse\neon\eclipse;
USERNAME=WeCanCodeIT
OS=Windows_NT
PROCESSOR_IDENTIFIER=Intel64 Family 6 Model 58 Stepping 9, GenuineIntel



---------------  S Y S T E M  ---------------

OS: Windows 10.0 , 64 bit Build 14393 (10.0.14393.0)

CPU:total 4 (initial active 4) (2 cores per cpu, 2 threads per core) family 6 model 58 stepping 9, cmov, cx8, fxsr, mmx, sse, sse2, sse3, ssse3, sse4.1, sse4.2, popcnt, avx, aes, clmul, erms, ht, tsc, tscinvbit, tscinv

Memory: 4k page, physical 8289072k(3810812k free), swap 33454896k(5124k free)

vm_info: Java HotSpot(TM) 64-Bit Server VM (25.131-b11) for windows-amd64 JRE (1.8.0_131-b11), built on Mar 15 2017 01:23:53 by "java_re" with MS VC++ 10.0 (VS2010)

time: Fri Oct 06 13:24:40 2017
elapsed time: 0 seconds (0d 0h 0m 0s)

